[INFO] Scanning for projects...
[INFO]                                                                         
[INFO] ------------------------------------------------------------------------
[INFO] Building wangdh.learner.dubbo.provider 1.0.0-SNAPSHOT
[INFO] ------------------------------------------------------------------------
Downloading: http://10.1.21.1:8081/nexus/content/groups/public/com/wangdh/learner/wangdh.learner.dubbo.api/1.0.0-SNAPSHOT/maven-metadata.xml
Downloading: http://10.1.21.1:8081/nexus/content/groups/public/com/wangdh/learner/wangdh.learner/1.0.0-SNAPSHOT/maven-metadata.xml
[INFO] 
[INFO] --- maven-dependency-plugin:2.8:tree (default-cli) @ wangdh.learner.dubbo.provider ---
[INFO] com.wangdh.learner:wangdh.learner.dubbo.provider:jar:1.0.0-SNAPSHOT
[INFO] +- com.wangdh.learner:wangdh.learner.dubbo.api:jar:1.0.0-SNAPSHOT:compile
[INFO] |  +- org.slf4j:slf4j-api:jar:1.7.21:compile
[INFO] |  \- org.slf4j:slf4j-log4j12:jar:1.7.21:compile
[INFO] +- com.alibaba:dubbo:jar:2.5.3:compile
[INFO] |  +- org.javassist:javassist:jar:3.15.0-GA:compile
[INFO] |  \- org.jboss.netty:netty:jar:3.2.5.Final:compile
[INFO] +- com.github.sgroschupf:zkclient:jar:0.1:compile
[INFO] |  \- org.apache.zookeeper:zookeeper:jar:3.3.3:compile
[INFO] |     \- jline:jline:jar:0.9.94:compile
[INFO] +- org.springframework:spring-core:jar:4.3.2.RELEASE:compile
[INFO] |  \- commons-logging:commons-logging:jar:1.2:compile
[INFO] +- org.springframework:spring-beans:jar:4.3.2.RELEASE:compile
[INFO] +- org.springframework:spring-context:jar:4.3.2.RELEASE:compile
[INFO] |  \- org.springframework:spring-expression:jar:4.3.2.RELEASE:compile
[INFO] +- org.springframework:spring-jdbc:jar:4.3.2.RELEASE:compile
[INFO] +- org.springframework:spring-web:jar:4.3.2.RELEASE:compile
[INFO] +- org.springframework:spring-webmvc:jar:4.3.2.RELEASE:compile
[INFO] +- org.springframework:spring-aop:jar:4.3.2.RELEASE:compile
[INFO] +- org.springframework:spring-tx:jar:4.3.2.RELEASE:compile
[INFO] +- org.springframework:spring-orm:jar:4.3.2.RELEASE:compile
[INFO] +- org.springframework:spring-context-support:jar:4.3.2.RELEASE:compile
[INFO] +- org.springframework:spring-test:jar:4.3.2.RELEASE:compile
[INFO] +- org.springframework:spring-jms:jar:4.3.2.RELEASE:compile
[INFO] |  \- org.springframework:spring-messaging:jar:4.3.2.RELEASE:compile
[INFO] +- junit:junit:jar:4.12:test
[INFO] |  \- org.hamcrest:hamcrest-core:jar:1.3:test
[INFO] \- log4j:log4j:jar:1.2.17:compile
[INFO] ------------------------------------------------------------------------
[INFO] BUILD SUCCESS
[INFO] ------------------------------------------------------------------------
[INFO] Total time: 8.157 s
[INFO] Finished at: 2017-05-18T14:15:57+08:00
[INFO] Final Memory: 12M/116M
[INFO] ------------------------------------------------------------------------
